#
# There is insufficient memory for the Java Runtime Environment to continue.
# Native memory allocation (mmap) failed to map 220200960 bytes for committing reserved memory.
# Possible reasons:
#   The system is out of physical RAM or swap space
#   In 32 bit mode, the process size limit was hit
# Possible solutions:
#   Reduce memory load on the system
#   Increase physical memory or swap space
#   Check if swap backing store is full
#   Use 64 bit Java on a 64 bit OS
#   Decrease Java heap size (-Xmx/-Xms)
#   Decrease number of Java threads
#   Decrease Java thread stack sizes (-Xss)
#   Set larger code cache with -XX:ReservedCodeCacheSize=
# This output file may be truncated or incomplete.
#
#  Out of Memory Error (os_linux.cpp:2627), pid=31661, tid=0x00007f5bd512e700
#
# JRE version: OpenJDK Runtime Environment (8.0_92-b14) (build 1.8.0_92-b14)
# Java VM: OpenJDK 64-Bit Server VM (25.92-b14 mixed mode linux-amd64 compressed oops)
# Core dump written. Default location: /home/thatkawaiiguy/AndroidStudioProjects/MeleeHandbook/app/core or core.31661
#

---------------  T H R E A D  ---------------

Current thread (0x00007f5be8076000):  VMThread [stack: 0x00007f5bd502e000,0x00007f5bd512f000] [id=31670]

Stack: [0x00007f5bd502e000,0x00007f5bd512f000],  sp=0x00007f5bd512d480,  free space=1021k
Native frames: (J=compiled Java code, j=interpreted, Vv=VM code, C=native code)
V  [libjvm.so+0xa596cb]
V  [libjvm.so+0x4c344c]
V  [libjvm.so+0x8aa3f0]
V  [libjvm.so+0x8a491e]
V  [libjvm.so+0x91e90b]
V  [libjvm.so+0x90df9a]
V  [libjvm.so+0x90e1a3]
V  [libjvm.so+0x90eb08]
V  [libjvm.so+0x914dce]
V  [libjvm.so+0x91c78d]
V  [libjvm.so+0x8ce953]
V  [libjvm.so+0xa5b312]
V  [libjvm.so+0xa602e7]
V  [libjvm.so+0xa5db2c]
V  [libjvm.so+0xa5ef0f]
V  [libjvm.so+0xa5f401]
V  [libjvm.so+0x8a7902]

VM_Operation (0x00007f5bd42e1ce0): ParallelGCFailedAllocation, mode: safepoint, requested by thread 0x00007f5be81bc800


---------------  P R O C E S S  ---------------

Java Threads: ( => current thread )
  0x00007f5be81be000 JavaThread "pool-1-thread-4" [_thread_blocked, id=31697, stack(0x00007f5bd40e2000,0x00007f5bd41e3000)]
  0x00007f5be81bc800 JavaThread "pool-1-thread-3" [_thread_blocked, id=31696, stack(0x00007f5bd41e3000,0x00007f5bd42e4000)]
  0x00007f5be81bb800 JavaThread "pool-1-thread-2" [_thread_blocked, id=31695, stack(0x00007f5bd42e4000,0x00007f5bd43e5000)]
  0x00007f5be81b8000 JavaThread "pool-2-thread-1" [_thread_blocked, id=31694, stack(0x00007f5bd43e5000,0x00007f5bd44e6000)]
  0x00007f5be81b3000 JavaThread "pool-1-thread-1" [_thread_blocked, id=31693, stack(0x00007f5bd44e6000,0x00007f5bd45e7000)]
  0x00007f5be80be800 JavaThread "Service Thread" daemon [_thread_blocked, id=31677, stack(0x00007f5bd478f000,0x00007f5bd4890000)]
  0x00007f5be80bb800 JavaThread "C1 CompilerThread2" daemon [_thread_blocked, id=31676, stack(0x00007f5bd4890000,0x00007f5bd4991000)]
  0x00007f5be80b9800 JavaThread "C2 CompilerThread1" daemon [_thread_blocked, id=31675, stack(0x00007f5bd4991000,0x00007f5bd4a92000)]
  0x00007f5be80b6800 JavaThread "C2 CompilerThread0" daemon [_thread_blocked, id=31674, stack(0x00007f5bd4a92000,0x00007f5bd4b93000)]
  0x00007f5be80b5800 JavaThread "Signal Dispatcher" daemon [_thread_blocked, id=31673, stack(0x00007f5bd4b93000,0x00007f5bd4c94000)]
  0x00007f5be8082000 JavaThread "Finalizer" daemon [_thread_blocked, id=31672, stack(0x00007f5bd4e2c000,0x00007f5bd4f2d000)]
  0x00007f5be807d800 JavaThread "Reference Handler" daemon [_thread_blocked, id=31671, stack(0x00007f5bd4f2d000,0x00007f5bd502e000)]
  0x00007f5be8008800 JavaThread "main" [_thread_blocked, id=31665, stack(0x00007f5bee1fd000,0x00007f5bee2fe000)]

Other Threads:
=>0x00007f5be8076000 VMThread [stack: 0x00007f5bd502e000,0x00007f5bd512f000] [id=31670]
  0x00007f5be80c1000 WatcherThread [stack: 0x00007f5bd468e000,0x00007f5bd478f000] [id=31678]

VM state:at safepoint (normal execution)

VM Mutex/Monitor currently owned by a thread:  ([mutex/lock_event])
[0x00007f5be8005e40] ExpandHeap_lock - owner thread: 0x00007f5be8076000
[0x00007f5be80064c0] Threads_lock - owner thread: 0x00007f5be8076000
[0x00007f5be80069c0] Heap_lock - owner thread: 0x00007f5be81bc800

Heap:
 PSYoungGen      total 847872K, used 0K [0x000000076ab00000, 0x00000007b6880000, 0x00000007c0000000)
  eden space 615936K, 0% used [0x000000076ab00000,0x000000076ab00000,0x0000000790480000)
  from space 231936K, 0% used [0x0000000790480000,0x0000000790480000,0x000000079e700000)
  to   space 223232K, 0% used [0x00000007a8e80000,0x00000007a8e80000,0x00000007b6880000)
 ParOldGen       total 497664K, used 473277K [0x00000006c0000000, 0x00000006de600000, 0x000000076ab00000)
  object space 497664K, 95% used [0x00000006c0000000,0x00000006dce2f578,0x00000006de600000)
 Metaspace       used 6477K, capacity 7216K, committed 7296K, reserved 1056768K
  class space    used 588K, capacity 616K, committed 640K, reserved 1048576K

Card table byte_map: [0x00007f5bd7be9000,0x00007f5bd83ea000] byte_map_base: 0x00007f5bd45e9000

Marking Bits: (ParMarkBitMap*) 0x00007f5bed519540
 Begin Bits: [0x00007f5bb0000000, 0x00007f5bb4000000)
 End Bits:   [0x00007f5bb4000000, 0x00007f5bb8000000)

Polling page: 0x00007f5bee33c000

CodeCache: size=245760Kb used=11408Kb max_used=11444Kb free=234351Kb
 bounds [0x00007f5bd87aa000, 0x00007f5bd930a000, 0x00007f5be77aa000]
 total_blobs=2531 nmethods=2265 adapters=180
 compilation: enabled

Compilation events (10 events):
Event: 33.846 Thread 0x00007f5be80b9800 nmethod 2820 0x00007f5bd8e72e90 code [0x00007f5bd8e733a0, 0x00007f5bd8e76538]
Event: 33.846 Thread 0x00007f5be80b9800 2816       4       com.android.dx.ssa.SsaConverter::convertToSsaMethod (41 bytes)
Event: 33.882 Thread 0x00007f5be80b9800 nmethod 2816 0x00007f5bd8f1b3d0 code [0x00007f5bd8f1b760, 0x00007f5bd8f1d1d8]
Event: 33.882 Thread 0x00007f5be80b9800 2817       4       com.android.dx.cf.direct.DirectClassFile::getThisClass (9 bytes)
Event: 33.883 Thread 0x00007f5be80b9800 nmethod 2817 0x00007f5bd8bba250 code [0x00007f5bd8bba3a0, 0x00007f5bd8bba4a8]
Event: 34.159 Thread 0x00007f5be80b6800 nmethod 2802 0x00007f5bd92ec290 code [0x00007f5bd92ecc80, 0x00007f5bd92f6468]
Event: 34.349 Thread 0x00007f5be80b9800 2826       4       com.android.dx.cf.code.BaseMachine::popArgs (137 bytes)
Event: 34.350 Thread 0x00007f5be80bb800 2827       3       com.android.dx.rop.cst.CstLiteral64::equals (36 bytes)
Event: 34.350 Thread 0x00007f5be80bb800 nmethod 2827 0x00007f5bd8f1ad10 code [0x00007f5bd8f1ae80, 0x00007f5bd8f1b2d0]
Event: 34.366 Thread 0x00007f5be80b9800 nmethod 2826 0x00007f5bd8d02b90 code [0x00007f5bd8d02e80, 0x00007f5bd8d04090]

GC Heap History (10 events):
Event: 18.706 GC heap after
Heap after GC invocations=14 (full 2):
 PSYoungGen      total 626688K, used 124919K [0x000000076ab00000, 0x00000007a0c00000, 0x00000007c0000000)
  eden space 501760K, 0% used [0x000000076ab00000,0x000000076ab00000,0x0000000789500000)
  from space 124928K, 99% used [0x0000000793480000,0x000000079ae7dd10,0x000000079ae80000)
  to   space 163328K, 0% used [0x0000000789500000,0x0000000789500000,0x0000000793480000)
 ParOldGen       total 283648K, used 228829K [0x00000006c0000000, 0x00000006d1500000, 0x000000076ab00000)
  object space 283648K, 80% used [0x00000006c0000000,0x00000006cdf77720,0x00000006d1500000)
 Metaspace       used 6473K, capacity 7216K, committed 7296K, reserved 1056768K
  class space    used 588K, capacity 616K, committed 640K, reserved 1048576K
}
Event: 23.182 GC heap before
{Heap before GC invocations=15 (full 2):
 PSYoungGen      total 626688K, used 626679K [0x000000076ab00000, 0x00000007a0c00000, 0x00000007c0000000)
  eden space 501760K, 100% used [0x000000076ab00000,0x0000000789500000,0x0000000789500000)
  from space 124928K, 99% used [0x0000000793480000,0x000000079ae7dd10,0x000000079ae80000)
  to   space 163328K, 0% used [0x0000000789500000,0x0000000789500000,0x0000000793480000)
 ParOldGen       total 283648K, used 228829K [0x00000006c0000000, 0x00000006d1500000, 0x000000076ab00000)
  object space 283648K, 80% used [0x00000006c0000000,0x00000006cdf77720,0x00000006d1500000)
 Metaspace       used 6475K, capacity 7216K, committed 7296K, reserved 1056768K
  class space    used 588K, capacity 616K, committed 640K, reserved 1048576K
Event: 23.544 GC heap after
Heap after GC invocations=15 (full 2):
 PSYoungGen      total 665088K, used 163299K [0x000000076ab00000, 0x00000007ac200000, 0x00000007c0000000)
  eden space 501760K, 0% used [0x000000076ab00000,0x000000076ab00000,0x0000000789500000)
  from space 163328K, 99% used [0x0000000789500000,0x0000000793478d08,0x0000000793480000)
  to   space 224256K, 0% used [0x000000079e700000,0x000000079e700000,0x00000007ac200000)
 ParOldGen       total 316416K, used 316040K [0x00000006c0000000, 0x00000006d3500000, 0x000000076ab00000)
  object space 316416K, 99% used [0x00000006c0000000,0x00000006d34a2128,0x00000006d3500000)
 Metaspace       used 6475K, capacity 7216K, committed 7296K, reserved 1056768K
  class space    used 588K, capacity 616K, committed 640K, reserved 1048576K
}
Event: 23.560 GC heap before
{Heap before GC invocations=16 (full 3):
 PSYoungGen      total 665088K, used 163299K [0x000000076ab00000, 0x00000007ac200000, 0x00000007c0000000)
  eden space 501760K, 0% used [0x000000076ab00000,0x000000076ab00000,0x0000000789500000)
  from space 163328K, 99% used [0x0000000789500000,0x0000000793478d08,0x0000000793480000)
  to   space 224256K, 0% used [0x000000079e700000,0x000000079e700000,0x00000007ac200000)
 ParOldGen       total 316416K, used 316040K [0x00000006c0000000, 0x00000006d3500000, 0x000000076ab00000)
  object space 316416K, 99% used [0x00000006c0000000,0x00000006d34a2128,0x00000006d3500000)
 Metaspace       used 6475K, capacity 7216K, committed 7296K, reserved 1056768K
  class space    used 588K, capacity 616K, committed 640K, reserved 1048576K
Event: 26.038 GC heap after
Heap after GC invocations=16 (full 3):
 PSYoungGen      total 665088K, used 155082K [0x000000076ab00000, 0x00000007ac200000, 0x00000007c0000000)
  eden space 501760K, 0% used [0x000000076ab00000,0x000000076ab00000,0x0000000789500000)
  from space 163328K, 94% used [0x0000000789500000,0x0000000792c72930,0x0000000793480000)
  to   space 224256K, 0% used [0x000000079e700000,0x000000079e700000,0x00000007ac200000)
 ParOldGen       total 497664K, used 316397K [0x00000006c0000000, 0x00000006de600000, 0x000000076ab00000)
  object space 497664K, 63% used [0x00000006c0000000,0x00000006d34fb408,0x00000006de600000)
 Metaspace       used 6475K, capacity 7216K, committed 7296K, reserved 1056768K
  class space    used 588K, capacity 616K, committed 640K, reserved 1048576K
}
Event: 27.363 GC heap before
{Heap before GC invocations=17 (full 3):
 PSYoungGen      total 665088K, used 656842K [0x000000076ab00000, 0x00000007ac200000, 0x00000007c0000000)
  eden space 501760K, 100% used [0x000000076ab00000,0x0000000789500000,0x0000000789500000)
  from space 163328K, 94% used [0x0000000789500000,0x0000000792c72930,0x0000000793480000)
  to   space 224256K, 0% used [0x000000079e700000,0x000000079e700000,0x00000007ac200000)
 ParOldGen       total 497664K, used 316397K [0x00000006c0000000, 0x00000006de600000, 0x000000076ab00000)
  object space 497664K, 63% used [0x00000006c0000000,0x00000006d34fb408,0x00000006de600000)
 Metaspace       used 6477K, capacity 7216K, committed 7296K, reserved 1056768K
  class space    used 588K, capacity 616K, committed 640K, reserved 1048576K
Event: 31.916 GC heap after
Heap after GC invocations=17 (full 3):
 PSYoungGen      total 840192K, used 135958K [0x000000076ab00000, 0x00000007af880000, 0x00000007c0000000)
  eden space 615936K, 0% used [0x000000076ab00000,0x000000076ab00000,0x0000000790480000)
  from space 224256K, 60% used [0x000000079e700000,0x00000007a6bc58a0,0x00000007ac200000)
  to   space 231936K, 0% used [0x0000000790480000,0x0000000790480000,0x000000079e700000)
 ParOldGen       total 497664K, used 384341K [0x00000006c0000000, 0x00000006de600000, 0x000000076ab00000)
  object space 497664K, 77% used [0x00000006c0000000,0x00000006d77557e0,0x00000006de600000)
 Metaspace       used 6477K, capacity 7216K, committed 7296K, reserved 1056768K
  class space    used 588K, capacity 616K, committed 640K, reserved 1048576K
}
Event: 34.383 GC heap before
{Heap before GC invocations=18 (full 3):
 PSYoungGen      total 840192K, used 751894K [0x000000076ab00000, 0x00000007af880000, 0x00000007c0000000)
  eden space 615936K, 100% used [0x000000076ab00000,0x0000000790480000,0x0000000790480000)
  from space 224256K, 60% used [0x000000079e700000,0x00000007a6bc58a0,0x00000007ac200000)
  to   space 231936K, 0% used [0x0000000790480000,0x0000000790480000,0x000000079e700000)
 ParOldGen       total 497664K, used 384341K [0x00000006c0000000, 0x00000006de600000, 0x000000076ab00000)
  object space 497664K, 77% used [0x00000006c0000000,0x00000006d77557e0,0x00000006de600000)
 Metaspace       used 6477K, capacity 7216K, committed 7296K, reserved 1056768K
  class space    used 588K, capacity 616K, committed 640K, reserved 1048576K
Event: 34.564 GC heap after
Heap after GC invocations=18 (full 3):
 PSYoungGen      total 847872K, used 44827K [0x000000076ab00000, 0x00000007b6880000, 0x00000007c0000000)
  eden space 615936K, 0% used [0x000000076ab00000,0x000000076ab00000,0x0000000790480000)
  from space 231936K, 19% used [0x0000000790480000,0x0000000793046f78,0x000000079e700000)
  to   space 223232K, 0% used [0x00000007a8e80000,0x00000007a8e80000,0x00000007b6880000)
 ParOldGen       total 497664K, used 470656K [0x00000006c0000000, 0x00000006de600000, 0x000000076ab00000)
  object space 497664K, 94% used [0x00000006c0000000,0x00000006dcba0078,0x00000006de600000)
 Metaspace       used 6477K, capacity 7216K, committed 7296K, reserved 1056768K
  class space    used 588K, capacity 616K, committed 640K, reserved 1048576K
}
Event: 34.564 GC heap before
{Heap before GC invocations=19 (full 4):
 PSYoungGen      total 847872K, used 44827K [0x000000076ab00000, 0x00000007b6880000, 0x00000007c0000000)
  eden space 615936K, 0% used [0x000000076ab00000,0x000000076ab00000,0x0000000790480000)
  from space 231936K, 19% used [0x0000000790480000,0x0000000793046f78,0x000000079e700000)
  to   space 223232K, 0% used [0x00000007a8e80000,0x00000007a8e80000,0x00000007b6880000)
 ParOldGen       total 497664K, used 470656K [0x00000006c0000000, 0x00000006de600000, 0x000000076ab00000)
  object space 497664K, 94% used [0x00000006c0000000,0x00000006dcba0078,0x00000006de600000)
 Metaspace       used 6477K, capacity 7216K, committed 7296K, reserved 1056768K
  class space    used 588K, capacity 616K, committed 640K, reserved 1048576K

Deoptimization events (10 events):
Event: 26.514 Thread 0x00007f5be81bc800 Uncommon trap: reason=class_check action=maybe_recompile pc=0x00007f5bd89c8d84 method=com.android.dx.util.BitIntSet.merge(Lcom/android/dx/util/IntSet;)V @ 1
Event: 26.515 Thread 0x00007f5be81bc800 Uncommon trap: reason=class_check action=maybe_recompile pc=0x00007f5bd89c8d84 method=com.android.dx.util.BitIntSet.merge(Lcom/android/dx/util/IntSet;)V @ 1
Event: 26.516 Thread 0x00007f5be81bc800 Uncommon trap: reason=class_check action=maybe_recompile pc=0x00007f5bd89c8d84 method=com.android.dx.util.BitIntSet.merge(Lcom/android/dx/util/IntSet;)V @ 1
Event: 26.522 Thread 0x00007f5be81bc800 Uncommon trap: reason=class_check action=maybe_recompile pc=0x00007f5bd89c8d84 method=com.android.dx.util.BitIntSet.merge(Lcom/android/dx/util/IntSet;)V @ 1
Event: 26.943 Thread 0x00007f5be8008800 Uncommon trap: reason=unstable_if action=reinterpret pc=0x00007f5bd89f46d4 method=java.util.HashMap$TreeNode.find(ILjava/lang/Object;Ljava/lang/Class;)Ljava/util/HashMap$TreeNode; @ 102
Event: 27.011 Thread 0x00007f5be8008800 Uncommon trap: reason=unstable_if action=reinterpret pc=0x00007f5bd8fc905c method=com.android.dx.ssa.back.FirstFitLocalCombiningAllocator.getAlignment(I)Lcom/android/dx/ssa/back/FirstFitLocalCombiningAllocator$Alignment; @ 16
Event: 27.116 Thread 0x00007f5be8008800 Uncommon trap: reason=unstable_if action=reinterpret pc=0x00007f5bd8a7f6cc method=com.android.dx.ssa.InterferenceRegisterMapper.interferes(III)Z @ 69
Event: 33.726 Thread 0x00007f5be81be000 Uncommon trap: reason=null_check action=make_not_entrant pc=0x00007f5bd92d58a4 method=com.android.dx.dex.file.MethodIdsSection.intern(Lcom/android/dx/rop/cst/CstBaseMethodRef;)Lcom/android/dx/dex/file/MethodIdItem; @ 26
Event: 33.726 Thread 0x00007f5be8008800 Uncommon trap: reason=null_check action=make_not_entrant pc=0x00007f5bd92d58a4 method=com.android.dx.dex.file.MethodIdsSection.intern(Lcom/android/dx/rop/cst/CstBaseMethodRef;)Lcom/android/dx/dex/file/MethodIdItem; @ 26
Event: 33.729 Thread 0x00007f5be81bc800 Uncommon trap: reason=null_check action=make_not_entrant pc=0x00007f5bd92d58a4 method=com.android.dx.dex.file.MethodIdsSection.intern(Lcom/android/dx/rop/cst/CstBaseMethodRef;)Lcom/android/dx/dex/file/MethodIdItem; @ 26

Internal exceptions (6 events):
Event: 0.026 Thread 0x00007f5be8008800 Exception <a 'java/lang/NoSuchMethodError': Method sun.misc.Unsafe.defineClass(Ljava/lang/String;[BII)Ljava/lang/Class; name or signature does not match> (0x000000076ab07cc0) thrown at [/build/java8-openjdk/src/jdk8u-jdk8u92-b14/hotspot/src/share/vm/prims
Event: 0.026 Thread 0x00007f5be8008800 Exception <a 'java/lang/NoSuchMethodError': Method sun.misc.Unsafe.prefetchRead(Ljava/lang/Object;J)V name or signature does not match> (0x000000076ab07fa8) thrown at [/build/java8-openjdk/src/jdk8u-jdk8u92-b14/hotspot/src/share/vm/prims/jni.cpp, line 401
Event: 1.011 Thread 0x00007f5be81bb800 Implicit null exception at 0x00007f5bd8a49762 to 0x00007f5bd8a49863
Event: 2.087 Thread 0x00007f5be81b3000 Exception <a 'java/lang/ArrayIndexOutOfBoundsException': 18> (0x000000076d919fa0) thrown at [/build/java8-openjdk/src/jdk8u-jdk8u92-b14/hotspot/src/share/vm/interpreter/interpreterRuntime.cpp, line 366]
Event: 2.087 Thread 0x00007f5be81b3000 Exception <a 'java/lang/ArrayIndexOutOfBoundsException': 145> (0x000000076d91bb20) thrown at [/build/java8-openjdk/src/jdk8u-jdk8u92-b14/hotspot/src/share/vm/interpreter/interpreterRuntime.cpp, line 366]
Event: 2.094 Thread 0x00007f5be81b3000 Exception <a 'java/lang/ArrayIndexOutOfBoundsException'> (0x000000076d91ce08) thrown at [/build/java8-openjdk/src/jdk8u-jdk8u92-b14/hotspot/src/share/vm/runtime/sharedRuntime.cpp, line 605]

Events (10 events):
Event: 33.457 Thread 0x00007f5be81be000 Uncommon trap: trap_request=0xfffffff4 fr.pc=0x00007f5bd92d58a4
Event: 33.726 Thread 0x00007f5be81be000 DEOPT PACKING pc=0x00007f5bd92d58a4 sp=0x00007f5bd41e15a0
Event: 33.726 Thread 0x00007f5be81be000 DEOPT UNPACKING pc=0x00007f5bd87aef69 sp=0x00007f5bd41e15c0 mode 2
Event: 33.726 Thread 0x00007f5be8008800 Uncommon trap: trap_request=0xfffffff4 fr.pc=0x00007f5bd92d58a4
Event: 33.726 Thread 0x00007f5be8008800 DEOPT PACKING pc=0x00007f5bd92d58a4 sp=0x00007f5bee2fbd20
Event: 33.727 Thread 0x00007f5be8008800 DEOPT UNPACKING pc=0x00007f5bd87aef69 sp=0x00007f5bee2fbd40 mode 2
Event: 33.729 Thread 0x00007f5be81bc800 Uncommon trap: trap_request=0xfffffff4 fr.pc=0x00007f5bd92d58a4
Event: 33.729 Thread 0x00007f5be81bc800 DEOPT PACKING pc=0x00007f5bd92d58a4 sp=0x00007f5bd42e25a0
Event: 33.729 Thread 0x00007f5be81bc800 DEOPT UNPACKING pc=0x00007f5bd87aef69 sp=0x00007f5bd42e25c0 mode 2
Event: 34.383 Executing VM operation: ParallelGCFailedAllocation


Dynamic libraries:
00400000-00401000 r-xp 00000000 08:06 4208198                            /usr/lib/jvm/java-8-openjdk/jre/bin/java
00600000-00601000 rw-p 00000000 08:06 4208198                            /usr/lib/jvm/java-8-openjdk/jre/bin/java
011b9000-011da000 rw-p 00000000 00:00 0                                  [heap]
6c0000000-6de600000 rw-p 00000000 00:00 0 
6eb800000-76ab00000 ---p 00000000 00:00 0 
76ab00000-7b6880000 rw-p 00000000 00:00 0 
7b6880000-7c0000000 ---p 00000000 00:00 0 
7c0000000-7c00a0000 rw-p 00000000 00:00 0 
7c00a0000-800000000 ---p 00000000 00:00 0 
7f5b78000000-7f5b78024000 rw-p 00000000 00:00 0 
7f5b78024000-7f5b7c000000 ---p 00000000 00:00 0 
7f5b80000000-7f5b80034000 rw-p 00000000 00:00 0 
7f5b80034000-7f5b84000000 ---p 00000000 00:00 0 
7f5b84000000-7f5b84027000 rw-p 00000000 00:00 0 
7f5b84027000-7f5b88000000 ---p 00000000 00:00 0 
7f5b88000000-7f5b88052000 rw-p 00000000 00:00 0 
7f5b88052000-7f5b8c000000 ---p 00000000 00:00 0 
7f5b8c000000-7f5b8c021000 rw-p 00000000 00:00 0 
7f5b8c021000-7f5b90000000 ---p 00000000 00:00 0 
7f5b90000000-7f5b90021000 rw-p 00000000 00:00 0 
7f5b90021000-7f5b94000000 ---p 00000000 00:00 0 
7f5b94000000-7f5b94021000 rw-p 00000000 00:00 0 
7f5b94021000-7f5b98000000 ---p 00000000 00:00 0 
7f5b98000000-7f5b99bba000 rw-p 00000000 00:00 0 
7f5b99bba000-7f5b9c000000 ---p 00000000 00:00 0 
7f5b9c000000-7f5b9c90d000 rw-p 00000000 00:00 0 
7f5b9c90d000-7f5ba0000000 ---p 00000000 00:00 0 
7f5ba0000000-7f5ba0021000 rw-p 00000000 00:00 0 
7f5ba0021000-7f5ba4000000 ---p 00000000 00:00 0 
7f5ba4000000-7f5ba5aa7000 rw-p 00000000 00:00 0 
7f5ba5aa7000-7f5ba8000000 ---p 00000000 00:00 0 
7f5ba8000000-7f5ba8021000 rw-p 00000000 00:00 0 
7f5ba8021000-7f5bac000000 ---p 00000000 00:00 0 
7f5bac000000-7f5bac021000 rw-p 00000000 00:00 0 
7f5bac021000-7f5bb0000000 ---p 00000000 00:00 0 
7f5bb0000000-7f5bb8000000 rw-p 00000000 00:00 0 
7f5bb8000000-7f5bb8021000 rw-p 00000000 00:00 0 
7f5bb8021000-7f5bbc000000 ---p 00000000 00:00 0 
7f5bbc000000-7f5bbc021000 rw-p 00000000 00:00 0 
7f5bbc021000-7f5bc0000000 ---p 00000000 00:00 0 
7f5bc0000000-7f5bc0021000 rw-p 00000000 00:00 0 
7f5bc0021000-7f5bc4000000 ---p 00000000 00:00 0 
7f5bc8000000-7f5bc8021000 rw-p 00000000 00:00 0 
7f5bc8021000-7f5bcc000000 ---p 00000000 00:00 0 
7f5bd0000000-7f5bd0021000 rw-p 00000000 00:00 0 
7f5bd0021000-7f5bd4000000 ---p 00000000 00:00 0 
7f5bd40e2000-7f5bd40e5000 ---p 00000000 00:00 0 
7f5bd40e5000-7f5bd41e3000 rw-p 00000000 00:00 0                          [stack:31697]
7f5bd41e3000-7f5bd41e6000 ---p 00000000 00:00 0 
7f5bd41e6000-7f5bd42e4000 rw-p 00000000 00:00 0                          [stack:31696]
7f5bd42e4000-7f5bd42e7000 ---p 00000000 00:00 0 
7f5bd42e7000-7f5bd43e5000 rw-p 00000000 00:00 0                          [stack:31695]
7f5bd43e5000-7f5bd43e8000 ---p 00000000 00:00 0 
7f5bd43e8000-7f5bd44e6000 rw-p 00000000 00:00 0                          [stack:31694]
7f5bd44e6000-7f5bd44e9000 ---p 00000000 00:00 0 
7f5bd44e9000-7f5bd45e7000 rw-p 00000000 00:00 0                          [stack:31693]
7f5bd45e7000-7f5bd468e000 r--s 007ae000 08:06 828582                     /home/thatkawaiiguy/AndroidStudioProjects/MeleeHandbook/app/build/intermediates/transforms/proguard/release/jars/3/1f/main.jar
7f5bd468e000-7f5bd468f000 ---p 00000000 00:00 0 
7f5bd468f000-7f5bd478f000 rw-p 00000000 00:00 0                          [stack:31678]
7f5bd478f000-7f5bd4792000 ---p 00000000 00:00 0 
7f5bd4792000-7f5bd4890000 rw-p 00000000 00:00 0                          [stack:31677]
7f5bd4890000-7f5bd4893000 ---p 00000000 00:00 0 
7f5bd4893000-7f5bd4991000 rw-p 00000000 00:00 0                          [stack:31676]
7f5bd4991000-7f5bd4994000 ---p 00000000 00:00 0 
7f5bd4994000-7f5bd4a92000 rw-p 00000000 00:00 0                          [stack:31675]
7f5bd4a92000-7f5bd4a95000 ---p 00000000 00:00 0 
7f5bd4a95000-7f5bd4b93000 rw-p 00000000 00:00 0                          [stack:31674]
7f5bd4b93000-7f5bd4b96000 ---p 00000000 00:00 0 
7f5bd4b96000-7f5bd4c94000 rw-p 00000000 00:00 0                          [stack:31673]
7f5bd4c94000-7f5bd4e2c000 r--p 00000000 08:06 3596147                    /usr/lib/locale/locale-archive
7f5bd4e2c000-7f5bd4e2f000 ---p 00000000 00:00 0 
7f5bd4e2f000-7f5bd4f2d000 rw-p 00000000 00:00 0                          [stack:31672]
7f5bd4f2d000-7f5bd4f30000 ---p 00000000 00:00 0 
7f5bd4f30000-7f5bd502e000 rw-p 00000000 00:00 0                          [stack:31671]
7f5bd502e000-7f5bd502f000 ---p 00000000 00:00 0 
7f5bd502f000-7f5bd60c2000 rw-p 00000000 00:00 0                          [stack:31670]
7f5bd60c2000-7f5bd628f000 r--s 03bec000 08:06 4208110                    /usr/lib/jvm/java-8-openjdk/jre/lib/rt.jar
7f5bd628f000-7f5bd690f000 rw-p 00000000 00:00 0 
7f5bd690f000-7f5bd6a8f000 ---p 00000000 00:00 0 
7f5bd6a8f000-7f5bd728f000 rw-p 00000000 00:00 0 
7f5bd728f000-7f5bd7290000 ---p 00000000 00:00 0 
7f5bd7290000-7f5bd7390000 rw-p 00000000 00:00 0                          [stack:31669]
7f5bd7390000-7f5bd7391000 ---p 00000000 00:00 0 
7f5bd7391000-7f5bd7491000 rw-p 00000000 00:00 0                          [stack:31668]
7f5bd7491000-7f5bd7492000 ---p 00000000 00:00 0 
7f5bd7492000-7f5bd7592000 rw-p 00000000 00:00 0                          [stack:31667]
7f5bd7592000-7f5bd7593000 ---p 00000000 00:00 0 
7f5bd7593000-7f5bd7786000 rw-p 00000000 00:00 0                          [stack:31666]
7f5bd7786000-7f5bd7be9000 ---p 00000000 00:00 0 
7f5bd7be9000-7f5bd7cdc000 rw-p 00000000 00:00 0 
7f5bd7cdc000-7f5bd813e000 ---p 00000000 00:00 0 
7f5bd813e000-7f5bd839e000 rw-p 00000000 00:00 0 
7f5bd839e000-7f5bd83e9000 ---p 00000000 00:00 0 
7f5bd83e9000-7f5bd8418000 rw-p 00000000 00:00 0 
7f5bd8418000-7f5bd87aa000 ---p 00000000 00:00 0 
7f5bd87aa000-7f5bd930a000 rwxp 00000000 00:00 0 
7f5bd930a000-7f5be77aa000 ---p 00000000 00:00 0 
7f5be77aa000-7f5be77b2000 r-xp 00000000 08:06 4208166                    /usr/lib/jvm/java-8-openjdk/jre/lib/amd64/libzip.so
7f5be77b2000-7f5be79b1000 ---p 00008000 08:06 4208166                    /usr/lib/jvm/java-8-openjdk/jre/lib/amd64/libzip.so
7f5be79b1000-7f5be79b2000 rw-p 00007000 08:06 4208166                    /usr/lib/jvm/java-8-openjdk/jre/lib/amd64/libzip.so
7f5be79b2000-7f5be79bd000 r-xp 00000000 08:06 3545933                    /usr/lib/libnss_files-2.23.so
7f5be79bd000-7f5be7bbc000 ---p 0000b000 08:06 3545933                    /usr/lib/libnss_files-2.23.so
7f5be7bbc000-7f5be7bbd000 r--p 0000a000 08:06 3545933                    /usr/lib/libnss_files-2.23.so
7f5be7bbd000-7f5be7bbe000 rw-p 0000b000 08:06 3545933                    /usr/lib/libnss_files-2.23.so
7f5be7bbe000-7f5be7bc4000 rw-p 00000000 00:00 0 
7f5be7bc4000-7f5be7bf0000 r-xp 00000000 08:06 4208165                    /usr/lib/jvm/java-8-openjdk/jre/lib/amd64/libjava.so
7f5be7bf0000-7f5be7df0000 ---p 0002c000 08:06 4208165                    /usr/lib/jvm/java-8-openjdk/jre/lib/amd64/libjava.so
7f5be7df0000-7f5be7df2000 rw-p 0002c000 08:06 4208165                    /usr/lib/jvm/java-8-openjdk/jre/lib/amd64/libjava.so
7f5be7df2000-7f5be7dff000 r-xp 00000000 08:06 4208158                    /usr/lib/jvm/java-8-openjdk/jre/lib/amd64/libverify.so
7f5be7dff000-7f5be7ffe000 ---p 0000d000 08:06 4208158                    /usr/lib/jvm/java-8-openjdk/jre/lib/amd64/libverify.so
7f5be7ffe000-7f5be8000000 rw-p 0000c000 08:06 4208158                    /usr/lib/jvm/java-8-openjdk/jre/lib/amd64/libverify.so
7f5be8000000-7f5be829a000 rw-p 00000000 00:00 0 
7f5be829a000-7f5bec000000 ---p 00000000 00:00 0 
7f5bec005000-7f5bec0e9000 rw-p 00000000 00:00 0 
7f5bec0e9000-7f5bec0f0000 r-xp 00000000 08:06 3545942                    /usr/lib/librt-2.23.so
7f5bec0f0000-7f5bec2ef000 ---p 00007000 08:06 3545942                    /usr/lib/librt-2.23.so
7f5bec2ef000-7f5bec2f0000 r--p 00006000 08:06 3545942                    /usr/lib/librt-2.23.so
7f5bec2f0000-7f5bec2f1000 rw-p 00007000 08:06 3545942                    /usr/lib/librt-2.23.so
7f5bec2f1000-7f5bec3f4000 r-xp 00000000 08:06 3545939                    /usr/lib/libm-2.23.so
7f5bec3f4000-7f5bec5f3000 ---p 00103000 08:06 3545939                    /usr/lib/libm-2.23.so
7f5bec5f3000-7f5bec5f4000 r--p 00102000 08:06 3545939                    /usr/lib/libm-2.23.so
7f5bec5f4000-7f5bec5f5000 rw-p 00103000 08:06 3545939                    /usr/lib/libm-2.23.so
7f5bec5f5000-7f5bed24a000 r-xp 00000000 08:06 4208189                    /usr/lib/jvm/java-8-openjdk/jre/lib/amd64/server/libjvm.so
7f5bed24a000-7f5bed44a000 ---p 00c55000 08:06 4208189                    /usr/lib/jvm/java-8-openjdk/jre/lib/amd64/server/libjvm.so
7f5bed44a000-7f5bed506000 rw-p 00c55000 08:06 4208189                    /usr/lib/jvm/java-8-openjdk/jre/lib/amd64/server/libjvm.so
7f5bed506000-7f5bed536000 rw-p 00000000 00:00 0 
7f5bed536000-7f5bed6cd000 r-xp 00000000 08:06 3545843                    /usr/lib/libc-2.23.so
7f5bed6cd000-7f5bed8cd000 ---p 00197000 08:06 3545843                    /usr/lib/libc-2.23.so
7f5bed8cd000-7f5bed8d1000 r--p 00197000 08:06 3545843                    /usr/lib/libc-2.23.so
7f5bed8d1000-7f5bed8d3000 rw-p 0019b000 08:06 3545843                    /usr/lib/libc-2.23.so
7f5bed8d3000-7f5bed8d7000 rw-p 00000000 00:00 0 
7f5bed8d7000-7f5bed8d9000 r-xp 00000000 08:06 3545938                    /usr/lib/libdl-2.23.so
7f5bed8d9000-7f5bedad9000 ---p 00002000 08:06 3545938                    /usr/lib/libdl-2.23.so
7f5bedad9000-7f5bedada000 r--p 00002000 08:06 3545938                    /usr/lib/libdl-2.23.so
7f5bedada000-7f5bedadb000 rw-p 00003000 08:06 3545938                    /usr/lib/libdl-2.23.so
7f5bedadb000-7f5bedae8000 r-xp 00000000 08:06 4208186                    /usr/lib/jvm/java-8-openjdk/jre/lib/amd64/jli/libjli.so
7f5bedae8000-7f5bedce7000 ---p 0000d000 08:06 4208186                    /usr/lib/jvm/java-8-openjdk/jre/lib/amd64/jli/libjli.so
7f5bedce7000-7f5bedce8000 rw-p 0000c000 08:06 4208186                    /usr/lib/jvm/java-8-openjdk/jre/lib/amd64/jli/libjli.so
7f5bedce8000-7f5bedcfd000 r-xp 00000000 08:06 3540713                    /usr/lib/libz.so.1.2.8
7f5bedcfd000-7f5bedefc000 ---p 00015000 08:06 3540713                    /usr/lib/libz.so.1.2.8
7f5bedefc000-7f5bedefd000 r--p 00014000 08:06 3540713                    /usr/lib/libz.so.1.2.8
7f5bedefd000-7f5bedefe000 rw-p 00015000 08:06 3540713                    /usr/lib/libz.so.1.2.8
7f5bedefe000-7f5bedf16000 r-xp 00000000 08:06 3544361                    /usr/lib/libpthread-2.23.so
7f5bedf16000-7f5bee115000 ---p 00018000 08:06 3544361                    /usr/lib/libpthread-2.23.so
7f5bee115000-7f5bee116000 r--p 00017000 08:06 3544361                    /usr/lib/libpthread-2.23.so
7f5bee116000-7f5bee117000 rw-p 00018000 08:06 3544361                    /usr/lib/libpthread-2.23.so
7f5bee117000-7f5bee11b000 rw-p 00000000 00:00 0 
7f5bee11b000-7f5bee13e000 r-xp 00000000 08:06 3545841                    /usr/lib/ld-2.23.so
7f5bee143000-7f5bee152000 r--s 000df000 08:06 1458346                    /home/thatkawaiiguy/Android/Sdk/build-tools/23.0.2/lib/dx.jar
7f5bee152000-7f5bee1fd000 rw-p 00000000 00:00 0 
7f5bee1fd000-7f5bee200000 ---p 00000000 00:00 0 
7f5bee200000-7f5bee302000 rw-p 00000000 00:00 0                          [stack:31665]
7f5bee30b000-7f5bee333000 rw-p 00000000 00:00 0 
7f5bee333000-7f5bee33b000 rw-s 00000000 00:22 66                         /tmp/hsperfdata_thatkawaiiguy/31661
7f5bee33b000-7f5bee33c000 rw-p 00000000 00:00 0 
7f5bee33c000-7f5bee33d000 ---p 00000000 00:00 0 
7f5bee33d000-7f5bee33e000 rw-p 00000000 00:00 0 
7f5bee33e000-7f5bee33f000 r--p 00023000 08:06 3545841                    /usr/lib/ld-2.23.so
7f5bee33f000-7f5bee340000 rw-p 00024000 08:06 3545841                    /usr/lib/ld-2.23.so
7f5bee340000-7f5bee341000 rw-p 00000000 00:00 0 
7ffc8230c000-7ffc8232d000 rw-p 00000000 00:00 0                          [stack]
7ffc823f2000-7ffc823f4000 r--p 00000000 00:00 0                          [vvar]
7ffc823f4000-7ffc823f6000 r-xp 00000000 00:00 0                          [vdso]
ffffffffff600000-ffffffffff601000 r-xp 00000000 00:00 0                  [vsyscall]

VM Arguments:
jvm_args: -Djava.awt.headless=true -Xmx4g -Dfile.encoding=UTF-8 -Duser.country=US -Duser.language=en -Duser.variant 
java_command: com.android.dx.command.Main --dex --num-threads=4 --output /home/thatkawaiiguy/AndroidStudioProjects/MeleeHandbook/app/build/intermediates/transforms/dex/release/folders/1000/1f/main /home/thatkawaiiguy/AndroidStudioProjects/MeleeHandbook/app/build/intermediates/transforms/proguard/release/jars/3/1f/main.jar
java_class_path (initial): /home/thatkawaiiguy/Android/Sdk/build-tools/23.0.2/lib/dx.jar
Launcher Type: SUN_STANDARD

Environment Variables:
PATH=/home/thatkawaiiguy/bin:/home/thatkawaiiguy/bin:/usr/local/sbin:/usr/local/bin:/usr/bin:/opt/android-sdk/platform-tools:/opt/android-sdk/tools:/usr/lib/jvm/default/bin:/usr/bin/site_perl:/usr/bin/vendor_perl:/usr/bin/core_perl:/home/thatkawaiiguy/bin:/home/thatkawaiiguy/bin
LD_LIBRARY_PATH=/opt/android-studio/bin:
SHELL=/bin/bash
DISPLAY=:0

Signal Handlers:
SIGSEGV: [libjvm.so+0xa5a220], sa_mask[0]=11111111011111111101111111111110, sa_flags=SA_RESTART|SA_SIGINFO
SIGBUS: [libjvm.so+0xa5a220], sa_mask[0]=11111111011111111101111111111110, sa_flags=SA_RESTART|SA_SIGINFO
SIGFPE: [libjvm.so+0x8a5a90], sa_mask[0]=11111111011111111101111111111110, sa_flags=SA_RESTART|SA_SIGINFO
SIGPIPE: [libjvm.so+0x8a5a90], sa_mask[0]=11111111011111111101111111111110, sa_flags=SA_RESTART|SA_SIGINFO
SIGXFSZ: [libjvm.so+0x8a5a90], sa_mask[0]=11111111011111111101111111111110, sa_flags=SA_RESTART|SA_SIGINFO
SIGILL: [libjvm.so+0x8a5a90], sa_mask[0]=11111111011111111101111111111110, sa_flags=SA_RESTART|SA_SIGINFO
SIGUSR1: SIG_DFL, sa_mask[0]=00000000000000000000000000000000, sa_flags=none
SIGUSR2: [libjvm.so+0x8a5940], sa_mask[0]=00100000000000000000000000000000, sa_flags=SA_RESTART|SA_SIGINFO
SIGHUP: [libjvm.so+0x8a5e10], sa_mask[0]=11111111011111111101111111111110, sa_flags=SA_RESTART|SA_SIGINFO
SIGINT: [libjvm.so+0x8a5e10], sa_mask[0]=11111111011111111101111111111110, sa_flags=SA_RESTART|SA_SIGINFO
SIGTERM: [libjvm.so+0x8a5e10], sa_mask[0]=11111111011111111101111111111110, sa_flags=SA_RESTART|SA_SIGINFO
SIGQUIT: [libjvm.so+0x8a5e10], sa_mask[0]=11111111011111111101111111111110, sa_flags=SA_RESTART|SA_SIGINFO


---------------  S Y S T E M  ---------------

OS:DISTRIB_ID=ManjaroLinux
DISTRIB_RELEASE=16.06.1
DISTRIB_CODENAME=Daniella
DISTRIB_DESCRIPTION="Manjaro Linux"

uname:Linux 4.4.13-1-MANJARO #1 SMP PREEMPT Wed Jun 8 09:21:59 UTC 2016 x86_64
libc:glibc 2.23 NPTL 2.23 
rlimit: STACK 8192k, CORE infinity, NPROC 31314, NOFILE 4096, AS infinity
load average:11.02 4.15 2.57

/proc/meminfo:
MemTotal:        8101728 kB
MemFree:          151020 kB
MemAvailable:     149716 kB
Buffers:            2128 kB
Cached:           737164 kB
SwapCached:            0 kB
Active:          7036568 kB
Inactive:         681144 kB
Active(anon):    7028256 kB
Inactive(anon):   586780 kB
Active(file):       8312 kB
Inactive(file):    94364 kB
Unevictable:           0 kB
Mlocked:               0 kB
SwapTotal:             0 kB
SwapFree:              0 kB
Dirty:              5204 kB
Writeback:             0 kB
AnonPages:       6978548 kB
Mapped:           448292 kB
Shmem:            636492 kB
Slab:             102316 kB
SReclaimable:      63644 kB
SUnreclaim:        38672 kB
KernelStack:        9360 kB
PageTables:        46716 kB
NFS_Unstable:          0 kB
Bounce:                0 kB
WritebackTmp:          0 kB
CommitLimit:     4050864 kB
Committed_AS:   12365212 kB
VmallocTotal:   34359738367 kB
VmallocUsed:           0 kB
VmallocChunk:          0 kB
HardwareCorrupted:     0 kB
AnonHugePages:   3422208 kB
HugePages_Total:       0
HugePages_Free:        0
HugePages_Rsvd:        0
HugePages_Surp:        0
Hugepagesize:       2048 kB
DirectMap4k:      169728 kB
DirectMap2M:     6043648 kB
DirectMap1G:     3145728 kB


CPU:total 4 (2 cores per cpu, 2 threads per core) family 6 model 69 stepping 1, cmov, cx8, fxsr, mmx, sse, sse2, sse3, ssse3, sse4.1, sse4.2, popcnt, avx, avx2, aes, clmul, erms, lzcnt, ht, tsc, tscinvbit, bmi1, bmi2

/proc/cpuinfo:
processor	: 0
vendor_id	: GenuineIntel
cpu family	: 6
model		: 69
model name	: Intel(R) Core(TM) i7-4500U CPU @ 1.80GHz
stepping	: 1
microcode	: 0x1d
cpu MHz		: 1794.843
cache size	: 4096 KB
physical id	: 0
siblings	: 4
core id		: 0
cpu cores	: 2
apicid		: 0
initial apicid	: 0
fpu		: yes
fpu_exception	: yes
cpuid level	: 13
wp		: yes
flags		: fpu vme de pse tsc msr pae mce cx8 apic sep mtrr pge mca cmov pat pse36 clflush dts acpi mmx fxsr sse sse2 ss ht tm pbe syscall nx pdpe1gb rdtscp lm constant_tsc arch_perfmon pebs bts rep_good nopl xtopology nonstop_tsc aperfmperf eagerfpu pni pclmulqdq dtes64 monitor ds_cpl vmx est tm2 ssse3 sdbg fma cx16 xtpr pdcm pcid sse4_1 sse4_2 movbe popcnt tsc_deadline_timer aes xsave avx f16c rdrand lahf_lm abm ida arat epb pln pts dtherm tpr_shadow vnmi flexpriority ept vpid fsgsbase tsc_adjust bmi1 avx2 smep bmi2 erms invpcid xsaveopt
bugs		:
bogomips	: 4791.66
clflush size	: 64
cache_alignment	: 64
address sizes	: 39 bits physical, 48 bits virtual
power management:

processor	: 1
vendor_id	: GenuineIntel
cpu family	: 6
model		: 69
model name	: Intel(R) Core(TM) i7-4500U CPU @ 1.80GHz
stepping	: 1
microcode	: 0x1d
cpu MHz		: 1814.250
cache size	: 4096 KB
physical id	: 0
siblings	: 4
core id		: 0
cpu cores	: 2
apicid		: 1
initial apicid	: 1
fpu		: yes
fpu_exception	: yes
cpuid level	: 13
wp		: yes
flags		: fpu vme de pse tsc msr pae mce cx8 apic sep mtrr pge mca cmov pat pse36 clflush dts acpi mmx fxsr sse sse2 ss ht tm pbe syscall nx pdpe1gb rdtscp lm constant_tsc arch_perfmon pebs bts rep_good nopl xtopology nonstop_tsc aperfmperf eagerfpu pni pclmulqdq dtes64 monitor ds_cpl vmx est tm2 ssse3 sdbg fma cx16 xtpr pdcm pcid sse4_1 sse4_2 movbe popcnt tsc_deadline_timer aes xsave avx f16c rdrand lahf_lm abm ida arat epb pln pts dtherm tpr_shadow vnmi flexpriority ept vpid fsgsbase tsc_adjust bmi1 avx2 smep bmi2 erms invpcid xsaveopt
bugs		:
bogomips	: 4791.66
clflush size	: 64
cache_alignment	: 64
address sizes	: 39 bits physical, 48 bits virtual
power management:

processor	: 2
vendor_id	: GenuineIntel
cpu family	: 6
model		: 69
model name	: Intel(R) Core(TM) i7-4500U CPU @ 1.80GHz
stepping	: 1
microcode	: 0x1d
cpu MHz		: 1877.625
cache size	: 4096 KB
physical id	: 0
siblings	: 4
core id		: 1
cpu cores	: 2
apicid		: 2
initial apicid	: 2
fpu		: yes
fpu_exception	: yes
cpuid level	: 13
wp		: yes
flags		: fpu vme de pse tsc msr pae mce cx8 apic sep mtrr pge mca cmov pat pse36 clflush dts acpi mmx fxsr sse sse2 ss ht tm pbe syscall nx pdpe1gb rdtscp lm constant_tsc arch_perfmon pebs bts rep_good nopl xtopology nonstop_tsc aperfmperf eagerfpu pni pclmulqdq dtes64 monitor ds_cpl vmx est tm2 ssse3 sdbg fma cx16 xtpr pdcm pcid sse4_1 sse4_2 movbe popcnt tsc_deadline_timer aes xsave avx f16c rdrand lahf_lm abm ida arat epb pln pts dtherm tpr_shadow vnmi flexpriority ept vpid fsgsbase tsc_adjust bmi1 avx2 smep bmi2 erms invpcid xsaveopt
bugs		:
bogomips	: 4791.66
clflush size	: 64
cache_alignment	: 64
address sizes	: 39 bits physical, 48 bits virtual
power management:

processor	: 3
vendor_id	: GenuineIntel
cpu family	: 6
model		: 69
model name	: Intel(R) Core(TM) i7-4500U CPU @ 1.80GHz
stepping	: 1
microcode	: 0x1d
cpu MHz		: 1856.156
cache size	: 4096 KB
physical id	: 0
siblings	: 4
core id		: 1
cpu cores	: 2
apicid		: 3
initial apicid	: 3
fpu		: yes
fpu_exception	: yes
cpuid level	: 13
wp		: yes
flags		: fpu vme de pse tsc msr pae mce cx8 apic sep mtrr pge mca cmov pat pse36 clflush dts acpi mmx fxsr sse sse2 ss ht tm pbe syscall nx pdpe1gb rdtscp lm constant_tsc arch_perfmon pebs bts rep_good nopl xtopology nonstop_tsc aperfmperf eagerfpu pni pclmulqdq dtes64 monitor ds_cpl vmx est tm2 ssse3 sdbg fma cx16 xtpr pdcm pcid sse4_1 sse4_2 movbe popcnt tsc_deadline_timer aes xsave avx f16c rdrand lahf_lm abm ida arat epb pln pts dtherm tpr_shadow vnmi flexpriority ept vpid fsgsbase tsc_adjust bmi1 avx2 smep bmi2 erms invpcid xsaveopt
bugs		:
bogomips	: 4791.66
clflush size	: 64
cache_alignment	: 64
address sizes	: 39 bits physical, 48 bits virtual
power management:



Memory: 4k page, physical 8101728k(151020k free), swap 0k(0k free)

vm_info: OpenJDK 64-Bit Server VM (25.92-b14) for linux-amd64 JRE (1.8.0_92-b14), built on Apr 24 2016 15:02:36 by "builduser" with gcc 5.3.0

time: Mon Jun 13 23:56:10 2016
elapsed time: 37 seconds (0d 0h 0m 37s)

